info it worked if it ends with ok
verbose cli [ 'node', '/usr/local/bin/npm', 'test' ]
info using npm@1.1.18
info using node@v0.6.15
verbose /usr/local/bin/node node symlink
verbose config file /Users/204521/.npmrc
verbose config file /usr/local/etc/npmrc
verbose config file /usr/local/lib/node_modules/npm/npmrc
verbose caching /Users/204521/Dropbox/Projects/guesses/package.json
verbose loadDefaults application-name@0.0.1
verbose run-script [ 'pretest', 'test', 'posttest' ]
info pretest application-name@0.0.1
info test application-name@0.0.1
verbose unsafe-perm in lifecycle true
silly exec sh "-c" "./node_modules/.bin/mocha -R spec -r should -u bdd specs/*.js"
silly spawning [ 'sh',
silly spawning   [ '-c',
silly spawning     './node_modules/.bin/mocha -R spec -r should -u bdd specs/*.js' ],
silly spawning   '/Users/204521/Dropbox/Projects/guesses' ]
info application-name@0.0.1 Failed to exec test script
ERR! application-name@0.0.1 test: `./node_modules/.bin/mocha -R spec -r should -u bdd specs/*.js`
ERR! `sh "-c" "./node_modules/.bin/mocha -R spec -r should -u bdd specs/*.js"` failed with 1
ERR! 
ERR! Failed at the application-name@0.0.1 test script.
ERR! This is most likely a problem with the application-name package,
ERR! not with npm itself.
ERR! Tell the author that this fails on your system:
ERR!     ./node_modules/.bin/mocha -R spec -r should -u bdd specs/*.js
ERR! You can get their info via:
ERR!     npm owner ls application-name
ERR! There is likely additional logging output above.
ERR! 
ERR! System Darwin 11.3.0
ERR! command "node" "/usr/local/bin/npm" "test"
ERR! cwd /Users/204521/Dropbox/Projects/guesses
ERR! node -v v0.6.15
ERR! npm -v 1.1.18
ERR! code ELIFECYCLE
ERR! message application-name@0.0.1 test: `./node_modules/.bin/mocha -R spec -r should -u bdd specs/*.js`
ERR! message `sh "-c" "./node_modules/.bin/mocha -R spec -r should -u bdd specs/*.js"` failed with 1
ERR! errno {}
verbose exit [ 1, true ]
